<?xml version="1.0" encoding="UTF-8"?>
<!-- Generated by org.testng.reporters.JUnitReportReporter -->
<testsuite hostname="DESKTOP-P52FA5O" failures="0" tests="1" name="NotePad2.NewTest" time="1.249" errors="0" timestamp="27 Feb 2022 09:10:14 GMT">
  <testcase classname="NotePad2.NewTest" name="f" time="1.249"/>
</testsuite> <!-- NotePad2.NewTest -->
