<?xml version="1.0" encoding="UTF-8"?>
<!-- Generated by org.testng.reporters.JUnitReportReporter -->
<testsuite hostname="DESKTOP-P52FA5O" failures="0" tests="1" name="NotePad2.NewTest" time="1.543" errors="0" timestamp="21 Feb 2022 18:03:00 GMT">
  <testcase classname="NotePad2.NewTest" name="f" time="1.543"/>
</testsuite> <!-- NotePad2.NewTest -->
